
**** Build of configuration Nios II for project edge ****

make all 
      1 [main] sh 20792 find_fast_cwd: WARNING: Couldn't compute FAST_CWD pointer.  Please report this problem to
the public mailing list cygwin@cygwin.com
makefile:243: ../doan_soc_bsp//public.mk: No such file or directory
makefile:449: ../doan_soc_bsp//mem_init.mk: No such file or directory
      1 [main] sh 10608 find_fast_cwd: WARNING: Couldn't compute FAST_CWD pointer.  Please report this problem to
the public mailing list cygwin@cygwin.com
makefile:761: warning: overriding commands for target `obj/default/.metadata/.plugins/org.eclipse.cdt.make.core/specs.o'
makefile:758: warning: ignoring old commands for target `obj/default/.metadata/.plugins/org.eclipse.cdt.make.core/specs.o'
make: *** No rule to make target `../doan_soc_bsp//mem_init.mk'.  Stop.

**** Build Finished ****

**** Build of configuration Nios II for project edge ****

make all 
      1 [main] sh 23084 find_fast_cwd: WARNING: Couldn't compute FAST_CWD pointer.  Please report this problem to
the public mailing list cygwin@cygwin.com
makefile:243: ../doan_soc_bsp//public.mk: No such file or directory
makefile:449: ../doan_soc_bsp//mem_init.mk: No such file or directory
      1 [main] sh 22008 find_fast_cwd: WARNING: Couldn't compute FAST_CWD pointer.  Please report this problem to
the public mailing list cygwin@cygwin.com
makefile:761: warning: overriding commands for target `obj/default/.metadata/.plugins/org.eclipse.cdt.make.core/specs.o'
makefile:758: warning: ignoring old commands for target `obj/default/.metadata/.plugins/org.eclipse.cdt.make.core/specs.o'
make: *** No rule to make target `../doan_soc_bsp//mem_init.mk'.  Stop.

**** Build Finished ****

**** Build of configuration Nios II for project edge ****

make all 
      1 [main] sh 17588 find_fast_cwd: WARNING: Couldn't compute FAST_CWD pointer.  Please report this problem to
the public mailing list cygwin@cygwin.com
makefile:243: ../doan_soc_bsp//public.mk: No such file or directory
makefile:449: ../doan_soc_bsp//mem_init.mk: No such file or directory
      1 [main] sh 23212 find_fast_cwd: WARNING: Couldn't compute FAST_CWD pointer.  Please report this problem to
the public mailing list cygwin@cygwin.com
makefile:761: warning: overriding commands for target `obj/default/.metadata/.plugins/org.eclipse.cdt.make.core/specs.o'
makefile:758: warning: ignoring old commands for target `obj/default/.metadata/.plugins/org.eclipse.cdt.make.core/specs.o'
make: *** No rule to make target `../doan_soc_bsp//mem_init.mk'.  Stop.

**** Build Finished ****
