Partition Merge report for doan_soc
Fri May 29 12:11:57 2026
Quartus II 64-Bit Version 13.0.1 Build 232 06/12/2013 Service Pack 1 SJ Web Edition


---------------------
; Table of Contents ;
---------------------
  1. Legal Notice
  2. Partition Merge Summary
  3. Partition Merge Netlist Types Used
  4. Partition Merge Partition Statistics
  5. Partition Merge Resource Usage Summary
  6. Partition Merge RAM Summary
  7. Partition Merge Messages



----------------
; Legal Notice ;
----------------
Copyright (C) 1991-2013 Altera Corporation
Your use of Altera Corporation's design tools, logic functions 
and other software and tools, and its AMPP partner logic 
functions, and any output files from any of the foregoing 
(including device programming or simulation files), and any 
associated documentation or information are expressly subject 
to the terms and conditions of the Altera Program License 
Subscription Agreement, Altera MegaCore Function License 
Agreement, or other applicable license agreement, including, 
without limitation, that your use is for the sole purpose of 
programming logic devices manufactured by Altera and sold by 
Altera or its authorized distributors.  Please refer to the 
applicable agreement for further details.



+--------------------------------------------------------------------------------------+
; Partition Merge Summary                                                              ;
+------------------------------------+-------------------------------------------------+
; Partition Merge Status             ; Successful - Fri May 29 12:11:57 2026           ;
; Quartus II 64-Bit Version          ; 13.0.1 Build 232 06/12/2013 SP 1 SJ Web Edition ;
; Revision Name                      ; doan_soc                                        ;
; Top-level Entity Name              ; doan_soc                                        ;
; Family                             ; Cyclone II                                      ;
; Total logic elements               ; 12,182                                          ;
;     Total combinational functions  ; 6,318                                           ;
;     Dedicated logic registers      ; 7,073                                           ;
; Total registers                    ; 7073                                            ;
; Total pins                         ; 76                                              ;
; Total virtual pins                 ; 0                                               ;
; Total memory bits                  ; 314,368                                         ;
; Embedded Multiplier 9-bit elements ; 0                                               ;
; Total PLLs                         ; 1                                               ;
+------------------------------------+-------------------------------------------------+


+-------------------------------------------------------------------------------------------------------------------------------+
; Partition Merge Netlist Types Used                                                                                            ;
+--------------------------------+----------------+-------------------+------------------------+--------------------------------+
; Partition Name                 ; Partition Type ; Netlist Type Used ; Netlist Type Requested ; Partition Contents             ;
+--------------------------------+----------------+-------------------+------------------------+--------------------------------+
; Top                            ; User-created   ; Source File       ; Source File            ;                                ;
; sld_hub:auto_hub               ; Auto-generated ; Post-Synthesis    ; Post-Synthesis         ; sld_hub:auto_hub               ;
; hard_block:auto_generated_inst ; Auto-generated ; Source File       ; Source File            ; hard_block:auto_generated_inst ;
+--------------------------------+----------------+-------------------+------------------------+--------------------------------+


+----------------------------------------------------------------------------------------------------------+
; Partition Merge Partition Statistics                                                                     ;
+---------------------------------------------+--------+------------------+--------------------------------+
; Statistic                                   ; Top    ; sld_hub:auto_hub ; hard_block:auto_generated_inst ;
+---------------------------------------------+--------+------------------+--------------------------------+
; Estimated Total logic elements              ; 12003  ; 179              ; 0                              ;
;                                             ;        ;                  ;                                ;
; Total combinational functions               ; 6155   ; 163              ; 0                              ;
; Logic element usage by number of LUT inputs ;        ;                  ;                                ;
;     -- 4 input functions                    ; 4694   ; 71               ; 0                              ;
;     -- 3 input functions                    ; 892    ; 52               ; 0                              ;
;     -- <=2 input functions                  ; 569    ; 40               ; 0                              ;
;                                             ;        ;                  ;                                ;
; Logic elements by mode                      ;        ;                  ;                                ;
;     -- normal mode                          ; 5637   ; 155              ; 0                              ;
;     -- arithmetic mode                      ; 518    ; 8                ; 0                              ;
;                                             ;        ;                  ;                                ;
; Total registers                             ; 6976   ; 97               ; 0                              ;
;     -- Dedicated logic registers            ; 6976   ; 97               ; 0                              ;
;                                             ;        ;                  ;                                ;
; Virtual pins                                ; 0      ; 0                ; 0                              ;
; I/O pins                                    ; 76     ; 0                ; 0                              ;
; Embedded Multiplier 9-bit elements          ; 0      ; 0                ; 0                              ;
; Total memory bits                           ; 314368 ; 0                ; 0                              ;
; Total RAM block bits                        ; 0      ; 0                ; 0                              ;
; JTAG                                        ; 1      ; 0                ; 0                              ;
; PLL                                         ; 0      ; 0                ; 1                              ;
;                                             ;        ;                  ;                                ;
; Connections                                 ;        ;                  ;                                ;
;     -- Input Connections                    ; 7395   ; 142              ; 2                              ;
;     -- Registered Input Connections         ; 6986   ; 107              ; 0                              ;
;     -- Output Connections                   ; 239    ; 173              ; 7127                           ;
;     -- Registered Output Connections        ; 5      ; 172              ; 0                              ;
;                                             ;        ;                  ;                                ;
; Internal Connections                        ;        ;                  ;                                ;
;     -- Total Connections                    ; 53759  ; 1024             ; 7129                           ;
;     -- Registered Connections               ; 34533  ; 727              ; 0                              ;
;                                             ;        ;                  ;                                ;
; External Connections                        ;        ;                  ;                                ;
;     -- Top                                  ; 192    ; 313              ; 7129                           ;
;     -- sld_hub:auto_hub                     ; 313    ; 2                ; 0                              ;
;     -- hard_block:auto_generated_inst       ; 7129   ; 0                ; 0                              ;
;                                             ;        ;                  ;                                ;
; Partition Interface                         ;        ;                  ;                                ;
;     -- Input Ports                          ; 43     ; 23               ; 2                              ;
;     -- Output Ports                         ; 64     ; 40               ; 3                              ;
;     -- Bidir Ports                          ; 16     ; 0                ; 0                              ;
;                                             ;        ;                  ;                                ;
; Registered Ports                            ;        ;                  ;                                ;
;     -- Registered Input Ports               ; 0      ; 3                ; 0                              ;
;     -- Registered Output Ports              ; 0      ; 29               ; 0                              ;
;                                             ;        ;                  ;                                ;
; Port Connectivity                           ;        ;                  ;                                ;
;     -- Input Ports driven by GND            ; 0      ; 9                ; 0                              ;
;     -- Output Ports driven by GND           ; 0      ; 1                ; 0                              ;
;     -- Input Ports driven by VCC            ; 0      ; 0                ; 0                              ;
;     -- Output Ports driven by VCC           ; 0      ; 0                ; 0                              ;
;     -- Input Ports with no Source           ; 0      ; 1                ; 0                              ;
;     -- Output Ports with no Source          ; 0      ; 0                ; 0                              ;
;     -- Input Ports with no Fanout           ; 0      ; 2                ; 0                              ;
;     -- Output Ports with no Fanout          ; 0      ; 26               ; 0                              ;
+---------------------------------------------+--------+------------------+--------------------------------+
Note: Resource usage numbers presented for Partitions containing post-synthesis logic are estimates.  For Partitions containing post-fit logic, resource usage numbers are accurate based on previous placement information.  Actual Fitter results may vary depending on current Fitter Preservation Level assignments.


+---------------------------------------------------------------------------------------------------------+
; Partition Merge Resource Usage Summary                                                                  ;
+---------------------------------------------+-----------------------------------------------------------+
; Resource                                    ; Usage                                                     ;
+---------------------------------------------+-----------------------------------------------------------+
; Estimated Total logic elements              ; 12,182                                                    ;
;                                             ;                                                           ;
; Total combinational functions               ; 6318                                                      ;
; Logic element usage by number of LUT inputs ;                                                           ;
;     -- 4 input functions                    ; 4765                                                      ;
;     -- 3 input functions                    ; 944                                                       ;
;     -- <=2 input functions                  ; 609                                                       ;
;                                             ;                                                           ;
; Logic elements by mode                      ;                                                           ;
;     -- normal mode                          ; 5792                                                      ;
;     -- arithmetic mode                      ; 526                                                       ;
;                                             ;                                                           ;
; Total registers                             ; 7073                                                      ;
;     -- Dedicated logic registers            ; 7073                                                      ;
;     -- I/O registers                        ; 0                                                         ;
;                                             ;                                                           ;
; I/O pins                                    ; 76                                                        ;
; Total memory bits                           ; 314368                                                    ;
; Embedded Multiplier 9-bit elements          ; 0                                                         ;
; Total PLLs                                  ; 1                                                         ;
;     -- PLLs                                 ; 1                                                         ;
;                                             ;                                                           ;
; Maximum fan-out node                        ; system:u_system|system_altpll_0:altpll_0|altpll:sd1|_clk0 ;
; Maximum fan-out                             ; 7079                                                      ;
; Total fan-out                               ; 54358                                                     ;
; Average fan-out                             ; 3.97                                                      ;
+---------------------------------------------+-----------------------------------------------------------+


+----------------------------------------------------------------------------------------------------------------------------------------------------------------------------------------------------------------------------------------------------------------------------------------------------------------------------------------------------------------------------------------------------------------------------------------------------------------------------------------+
; Partition Merge RAM Summary                                                                                                                                                                                                                                                                                                                                                                                                                                                            ;
+---------------------------------------------------------------------------------------------------------------------------------------------------------------------------------------------------------------------------------------------------------------------------------------------------------------------------------------+------+------------------+--------------+--------------+--------------+--------------+--------+-------------------------------------------------+
; Name                                                                                                                                                                                                                                                                                                                                  ; Type ; Mode             ; Port A Depth ; Port A Width ; Port B Depth ; Port B Width ; Size   ; MIF                                             ;
+---------------------------------------------------------------------------------------------------------------------------------------------------------------------------------------------------------------------------------------------------------------------------------------------------------------------------------------+------+------------------+--------------+--------------+--------------+--------------+--------+-------------------------------------------------+
; system:u_system|system_jtag_uart_0:jtag_uart_0|system_jtag_uart_0_scfifo_r:the_system_jtag_uart_0_scfifo_r|scfifo:rfifo|scfifo_1n21:auto_generated|a_dpfifo_8t21:dpfifo|dpram_5h21:FIFOram|altsyncram_9tl1:altsyncram2|ALTSYNCRAM                                                                                                     ; AUTO ; Simple Dual Port ; 64           ; 8            ; 64           ; 8            ; 512    ; None                                            ;
; system:u_system|system_jtag_uart_0:jtag_uart_0|system_jtag_uart_0_scfifo_w:the_system_jtag_uart_0_scfifo_w|scfifo:wfifo|scfifo_1n21:auto_generated|a_dpfifo_8t21:dpfifo|dpram_5h21:FIFOram|altsyncram_9tl1:altsyncram2|ALTSYNCRAM                                                                                                     ; AUTO ; Simple Dual Port ; 64           ; 8            ; 64           ; 8            ; 512    ; None                                            ;
; system:u_system|system_nios2_qsys_0:nios2_qsys_0|system_nios2_qsys_0_nios2_oci:the_system_nios2_qsys_0_nios2_oci|system_nios2_qsys_0_nios2_ocimem:the_system_nios2_qsys_0_nios2_ocimem|system_nios2_qsys_0_ociram_sp_ram_module:system_nios2_qsys_0_ociram_sp_ram|altsyncram:the_altsyncram|altsyncram_p681:auto_generated|ALTSYNCRAM ; AUTO ; Single Port      ; 256          ; 32           ; --           ; --           ; 8192   ; system_nios2_qsys_0_ociram_default_contents.mif ;
; system:u_system|system_nios2_qsys_0:nios2_qsys_0|system_nios2_qsys_0_register_bank_a_module:system_nios2_qsys_0_register_bank_a|altsyncram:the_altsyncram|altsyncram_lpg1:auto_generated|ALTSYNCRAM                                                                                                                                   ; AUTO ; Simple Dual Port ; 32           ; 32           ; 32           ; 32           ; 1024   ; system_nios2_qsys_0_rf_ram_a.mif                ;
; system:u_system|system_nios2_qsys_0:nios2_qsys_0|system_nios2_qsys_0_register_bank_b_module:system_nios2_qsys_0_register_bank_b|altsyncram:the_altsyncram|altsyncram_mpg1:auto_generated|ALTSYNCRAM                                                                                                                                   ; AUTO ; Simple Dual Port ; 32           ; 32           ; 32           ; 32           ; 1024   ; system_nios2_qsys_0_rf_ram_b.mif                ;
; system:u_system|system_onchip_memory2_0:onchip_memory2_0|altsyncram:the_altsyncram|altsyncram_gsc1:auto_generated|ALTSYNCRAM                                                                                                                                                                                                          ; AUTO ; Single Port      ; 8192         ; 32           ; --           ; --           ; 262144 ; system_onchip_memory2_0.hex                     ;
; system:u_system|top:custom_logic_0|sobel_top:u_sobel_edge_detect|sobel_fifo:u_sobel_fifo|scfifo:scfifo_component|scfifo_8061:auto_generated|a_dpfifo_th31:dpfifo|altsyncram_tc81:FIFOram|ALTSYNCRAM                                                                                                                                   ; AUTO ; Simple Dual Port ; 512          ; 16           ; 512          ; 16           ; 8192   ; None                                            ;
; system:u_system|top:custom_logic_0|vga:u_vga|vga_fifo:u_vga_fifo0|dcfifo:dcfifo_component|dcfifo_9pi1:auto_generated|altsyncram_vmu:fifo_ram|altsyncram_bj91:altsyncram14|ALTSYNCRAM                                                                                                                                                  ; AUTO ; True Dual Port   ; 1024         ; 16           ; 1024         ; 16           ; 16384  ; None                                            ;
; system:u_system|top:custom_logic_0|vga:u_vga|vga_fifo:u_vga_fifo1|dcfifo:dcfifo_component|dcfifo_9pi1:auto_generated|altsyncram_vmu:fifo_ram|altsyncram_bj91:altsyncram14|ALTSYNCRAM                                                                                                                                                  ; AUTO ; True Dual Port   ; 1024         ; 16           ; 1024         ; 16           ; 16384  ; None                                            ;
+---------------------------------------------------------------------------------------------------------------------------------------------------------------------------------------------------------------------------------------------------------------------------------------------------------------------------------------+------+------------------+--------------+--------------+--------------+--------------+--------+-------------------------------------------------+


+--------------------------+
; Partition Merge Messages ;
+--------------------------+
Info: *******************************************************************
Info: Running Quartus II 64-Bit Partition Merge
    Info: Version 13.0.1 Build 232 06/12/2013 Service Pack 1 SJ Web Edition
    Info: Processing started: Fri May 29 12:11:50 2026
Info: Command: quartus_cdb --read_settings_files=off --write_settings_files=off doan_soc -c doan_soc --merge=on
Info (35007): Using synthesis netlist for partition "Top"
Info (35007): Using synthesis netlist for partition "sld_hub:auto_hub"
Info (35002): Resolved and merged 2 partition(s)
Info (16010): Generating hard_block partition "hard_block:auto_generated_inst"
    Info (16011): Adding 1 node(s), including 0 DDIO, 1 PLL, 0 transceiver and 0 LCELL
Info (21057): Implemented 12589 device resources after synthesis - the final resource count might be different
    Info (21058): Implemented 6 input pins
    Info (21059): Implemented 58 output pins
    Info (21060): Implemented 16 bidirectional pins
    Info (21061): Implemented 12283 logic cells
    Info (21064): Implemented 224 RAM segments
    Info (21065): Implemented 1 PLLs
Info: Quartus II 64-Bit Partition Merge was successful. 0 errors, 0 warnings
    Info: Peak virtual memory: 4653 megabytes
    Info: Processing ended: Fri May 29 12:11:57 2026
    Info: Elapsed time: 00:00:07
    Info: Total CPU time (on all processors): 00:00:03


