Info: Starting: Create block symbol file (.bsf)
Info: ip-generate --project-directory=D:/COURSE/SOC/project/doan_soc_nios_fixed/ --output-directory=D:/COURSE/SOC/project/doan_soc_nios_fixed/system/ --report-file=bsf:D:/COURSE/SOC/project/doan_soc_nios_fixed/system.bsf --system-info=DEVICE_FAMILY="Cyclone II" --system-info=DEVICE=EP2C35F672C6 --system-info=DEVICE_SPEEDGRADE=6 --component-file=D:/COURSE/SOC/project/doan_soc_nios_fixed/system.qsys
Progress: Loading doan_soc_nios_fixed/system.qsys
Progress: Reading input file
Progress: Adding clock [clock_source 13.0]
Progress: Parameterizing module clock
Progress: Adding nios2_qsys_0 [altera_nios2_qsys 13.0]
Progress: Parameterizing module nios2_qsys_0
Progress: Adding onchip_memory2_0 [altera_avalon_onchip_memory2 13.0.1.99.2]
Progress: Parameterizing module onchip_memory2_0
Progress: Adding jtag_uart_0 [altera_avalon_jtag_uart 13.0.1.99.2]
Progress: Parameterizing module jtag_uart_0
Progress: Adding custom_logic_0 [custom_logic 1.0]
Progress: Parameterizing module custom_logic_0
Progress: Adding altpll_0 [altpll 13.0]
Progress: Parameterizing module altpll_0
Progress: Adding pio_0 [altera_avalon_pio 13.0.1.99.2]
Progress: Parameterizing module pio_0
Progress: Building connections
Progress: Parameterizing connections
Progress: Validating
Progress: Done reading input file
Info: system.pio_0: PIO inputs are not hardwired in test bench. Undefined values will be read from PIO inputs during simulation.
Info: ip-generate succeeded.
Info: Finished: Create block symbol file (.bsf)
Info: 
Info: Starting: Create HDL design files for synthesis
Info: ip-generate --project-directory=D:/COURSE/SOC/project/doan_soc_nios_fixed/ --output-directory=D:/COURSE/SOC/project/doan_soc_nios_fixed/system/synthesis/ --file-set=QUARTUS_SYNTH --report-file=sopcinfo:D:/COURSE/SOC/project/doan_soc_nios_fixed/system.sopcinfo --report-file=html:D:/COURSE/SOC/project/doan_soc_nios_fixed/system.html --report-file=qip:D:/COURSE/SOC/project/doan_soc_nios_fixed/system/synthesis/system.qip --report-file=cmp:D:/COURSE/SOC/project/doan_soc_nios_fixed/system.cmp --report-file=svd --system-info=DEVICE_FAMILY="Cyclone II" --system-info=DEVICE=EP2C35F672C6 --system-info=DEVICE_SPEEDGRADE=6 --component-file=D:/COURSE/SOC/project/doan_soc_nios_fixed/system.qsys --language=VERILOG
Progress: Loading doan_soc_nios_fixed/system.qsys
Progress: Reading input file
Progress: Adding clock [clock_source 13.0]
Progress: Parameterizing module clock
Progress: Adding nios2_qsys_0 [altera_nios2_qsys 13.0]
Progress: Parameterizing module nios2_qsys_0
Progress: Adding onchip_memory2_0 [altera_avalon_onchip_memory2 13.0.1.99.2]
Progress: Parameterizing module onchip_memory2_0
Progress: Adding jtag_uart_0 [altera_avalon_jtag_uart 13.0.1.99.2]
Progress: Parameterizing module jtag_uart_0
Progress: Adding custom_logic_0 [custom_logic 1.0]
Progress: Parameterizing module custom_logic_0
Progress: Adding altpll_0 [altpll 13.0]
Progress: Parameterizing module altpll_0
Progress: Adding pio_0 [altera_avalon_pio 13.0.1.99.2]
Progress: Parameterizing module pio_0
Progress: Building connections
Progress: Parameterizing connections
Progress: Validating
Progress: Done reading input file
Info: system.pio_0: PIO inputs are not hardwired in test bench. Undefined values will be read from PIO inputs during simulation.
Info: system: Generating system "system" for QUARTUS_SYNTH
Info: pipeline_bridge_swap_transform: After transform: 7 modules, 30 connections
Info: No custom instruction connections, skipping transform 
Info: merlin_translator_transform: After transform: 15 modules, 62 connections
Info: merlin_domain_transform: After transform: 31 modules, 165 connections
Info: merlin_router_transform: After transform: 39 modules, 197 connections
Info: reset_adaptation_transform: After transform: 41 modules, 158 connections
Info: merlin_network_to_switch_transform: After transform: 56 modules, 192 connections
Info: Inserting clock-crossing logic between cmd_xbar_demux_001.src3 and cmd_xbar_mux_003.sink0
Info: Inserting clock-crossing logic between rsp_xbar_demux_003.src0 and rsp_xbar_mux_001.sink3
Info: com_altera_sopcmodel_transforms_avalon_ClockCrossingTransform: After transform: 58 modules, 202 connections
Info: merlin_mm_transform: After transform: 58 modules, 202 connections
Info: merlin_interrupt_mapper_transform: After transform: 59 modules, 205 connections
Warning: system: "No matching role found for rst_controller:reset_out:reset_req (reset_req)"
Warning: system: "No matching role found for rst_controller:reset_out:reset_req (reset_req)"
Warning: system: "No matching role found for rst_controller:reset_out:reset_req (reset_req)"
Warning: system: "No matching role found for rst_controller:reset_out:reset_req (reset_req)"
Warning: system: "No matching role found for rst_controller:reset_out:reset_req (reset_req)"
Warning: system: "No matching role found for rst_controller:reset_out:reset_req (reset_req)"
Warning: system: "No matching role found for rst_controller:reset_out:reset_req (reset_req)"
Warning: system: "No matching role found for rst_controller:reset_out:reset_req (reset_req)"
Warning: system: "No matching role found for rst_controller:reset_out:reset_req (reset_req)"
Warning: system: "No matching role found for rst_controller:reset_out:reset_req (reset_req)"
Warning: system: "No matching role found for rst_controller:reset_out:reset_req (reset_req)"
Warning: system: "No matching role found for rst_controller:reset_out:reset_req (reset_req)"
Warning: system: "No matching role found for rst_controller:reset_out:reset_req (reset_req)"
Warning: system: "No matching role found for rst_controller:reset_out:reset_req (reset_req)"
Warning: system: "No matching role found for rst_controller:reset_out:reset_req (reset_req)"
Warning: system: "No matching role found for rst_controller:reset_out:reset_req (reset_req)"
Warning: system: "No matching role found for rst_controller:reset_out:reset_req (reset_req)"
Warning: system: "No matching role found for rst_controller:reset_out:reset_req (reset_req)"
Warning: system: "No matching role found for rst_controller:reset_out:reset_req (reset_req)"
Warning: system: "No matching role found for rst_controller:reset_out:reset_req (reset_req)"
Warning: system: "No matching role found for rst_controller:reset_out:reset_req (reset_req)"
Warning: system: "No matching role found for rst_controller:reset_out:reset_req (reset_req)"
Warning: system: "No matching role found for rst_controller:reset_out:reset_req (reset_req)"
Warning: system: "No matching role found for rst_controller:reset_out:reset_req (reset_req)"
Warning: system: "No matching role found for rst_controller:reset_out:reset_req (reset_req)"
Warning: system: "No matching role found for rst_controller:reset_out:reset_req (reset_req)"
Warning: system: "No matching role found for rst_controller:reset_out:reset_req (reset_req)"
Warning: system: "No matching role found for rst_controller:reset_out:reset_req (reset_req)"
Warning: system: "No matching role found for rst_controller:reset_out:reset_req (reset_req)"
Warning: system: "No matching role found for rst_controller:reset_out:reset_req (reset_req)"
Warning: system: "No matching role found for rst_controller:reset_out:reset_req (reset_req)"
Warning: system: "No matching role found for rst_controller:reset_out:reset_req (reset_req)"
Warning: system: "No matching role found for rst_controller:reset_out:reset_req (reset_req)"
Warning: system: "No matching role found for rst_controller:reset_out:reset_req (reset_req)"
Warning: system: "No matching role found for rst_controller:reset_out:reset_req (reset_req)"
Warning: system: "No matching role found for rst_controller:reset_out:reset_req (reset_req)"
Warning: system: "No matching role found for rst_controller:reset_out:reset_req (reset_req)"
Warning: system: "No matching role found for rst_controller:reset_out:reset_req (reset_req)"
Warning: system: "No matching role found for rst_controller:reset_out:reset_req (reset_req)"
Warning: system: "No matching role found for rst_controller:reset_out:reset_req (reset_req)"
Warning: system: "No matching role found for rst_controller:reset_out:reset_req (reset_req)"
Warning: system: "No matching role found for rst_controller:reset_out:reset_req (reset_req)"
Warning: system: "No matching role found for rst_controller:reset_out:reset_req (reset_req)"
Warning: system: "No matching role found for rst_controller:reset_out:reset_req (reset_req)"
Warning: system: "No matching role found for rst_controller:reset_out:reset_req (reset_req)"
Warning: system: "No matching role found for rst_controller:reset_out:reset_req (reset_req)"
Warning: system: "No matching role found for rst_controller:reset_out:reset_req (reset_req)"
Info: nios2_qsys_0: Starting RTL generation for module 'system_nios2_qsys_0'
Info: nios2_qsys_0:   Generation command is [exec D:/quatur_edu/quartus/../ip/altera/nios2_ip/altera_nios2/eperl.exe -I D:/quatur_edu/quartus/common/ip/altera/common/perl/5.8.3 -I D:/quatur_edu/quartus/sopc_builder/bin/europa -I D:/quatur_edu/quartus/sopc_builder/bin/perl_lib -I D:/quatur_edu/quartus/sopc_builder/bin -I D:/quatur_edu/quartus/../ip/altera/nios2_ip/altera_nios2/cpu_lib -I D:/quatur_edu/quartus/../ip/altera/nios2_ip/altera_nios2/nios_lib -I D:/quatur_edu/quartus/../ip/altera/nios2_ip/altera_nios2 -I D:/quatur_edu/quartus/../ip/altera/nios2_ip/altera_nios2 -- D:/quatur_edu/quartus/../ip/altera/nios2_ip/altera_nios2/generate_rtl.epl --name=system_nios2_qsys_0 --dir=C:/Users/WUANG_~1/AppData/Local/Temp/alt0610_6510490148751816458.dir/0001_nios2_qsys_0_gen/ --quartus_dir=D:/quatur_edu/quartus --verilog --config=C:/Users/WUANG_~1/AppData/Local/Temp/alt0610_6510490148751816458.dir/0001_nios2_qsys_0_gen//system_nios2_qsys_0_processor_configuration.pl  --do_build_sim=0    --bogus  ]
Info: nios2_qsys_0: # 2026.06.06 15:40:17 (*) Starting Nios II generation
Info: nios2_qsys_0: # 2026.06.06 15:40:17 (*)   Checking for plaintext license.
Info: nios2_qsys_0: # 2026.06.06 15:40:18 (*)   Couldn't query license setup in Quartus directory D:/quatur_edu/quartus
Info: nios2_qsys_0: # 2026.06.06 15:40:18 (*)   Defaulting to contents of LM_LICENSE_FILE environment variable
Info: nios2_qsys_0: # 2026.06.06 15:40:18 (*)   LM_LICENSE_FILE environment variable is empty
Info: nios2_qsys_0: # 2026.06.06 15:40:18 (*)   Plaintext license not found.
Info: nios2_qsys_0: # 2026.06.06 15:40:18 (*)   No license required to generate encrypted Nios II/e.
Info: nios2_qsys_0: # 2026.06.06 15:40:18 (*)   Elaborating CPU configuration settings
Info: nios2_qsys_0: # 2026.06.06 15:40:18 (*)   Creating all objects for CPU
Info: nios2_qsys_0: # 2026.06.06 15:40:18 (*)   Generating RTL from CPU objects
Info: nios2_qsys_0: # 2026.06.06 15:40:18 (*)   Creating plain-text RTL
Info: nios2_qsys_0: # 2026.06.06 15:40:20 (*) Done Nios II generation
Info: nios2_qsys_0: Done RTL generation for module 'system_nios2_qsys_0'
Info: nios2_qsys_0: "system" instantiated altera_nios2_qsys "nios2_qsys_0"
Info: onchip_memory2_0: Starting RTL generation for module 'system_onchip_memory2_0'
Info: onchip_memory2_0:   Generation command is [exec D:/quatur_edu/quartus/bin/perl/bin/perl.exe -I D:/quatur_edu/quartus/common/ip/altera/common/perl/5.8.3 -I D:/quatur_edu/quartus/sopc_builder/bin/europa -I D:/quatur_edu/quartus/sopc_builder/bin/perl_lib -I D:/quatur_edu/quartus/sopc_builder/bin -I D:/quatur_edu/quartus/../ip/altera/sopc_builder_ip/common -I D:/quatur_edu/quartus/../ip/altera/sopc_builder_ip/altera_avalon_onchip_memory2 -- D:/quatur_edu/quartus/../ip/altera/sopc_builder_ip/altera_avalon_onchip_memory2/generate_rtl.pl --name=system_onchip_memory2_0 --dir=C:/Users/WUANG_~1/AppData/Local/Temp/alt0610_6510490148751816458.dir/0002_onchip_memory2_0_gen/ --quartus_dir=D:/quatur_edu/quartus --verilog --config=C:/Users/WUANG_~1/AppData/Local/Temp/alt0610_6510490148751816458.dir/0002_onchip_memory2_0_gen//system_onchip_memory2_0_component_configuration.pl  --do_build_sim=0  ]
Info: onchip_memory2_0: Done RTL generation for module 'system_onchip_memory2_0'
Info: onchip_memory2_0: "system" instantiated altera_avalon_onchip_memory2 "onchip_memory2_0"
Info: jtag_uart_0: Starting RTL generation for module 'system_jtag_uart_0'
Info: jtag_uart_0:   Generation command is [exec D:/quatur_edu/quartus/bin/perl/bin/perl.exe -I D:/quatur_edu/quartus/common/ip/altera/common/perl/5.8.3 -I D:/quatur_edu/quartus/sopc_builder/bin/europa -I D:/quatur_edu/quartus/sopc_builder/bin/perl_lib -I D:/quatur_edu/quartus/sopc_builder/bin -I D:/quatur_edu/quartus/../ip/altera/sopc_builder_ip/common -I D:/quatur_edu/quartus/../ip/altera/sopc_builder_ip/altera_avalon_jtag_uart -- D:/quatur_edu/quartus/../ip/altera/sopc_builder_ip/altera_avalon_jtag_uart/generate_rtl.pl --name=system_jtag_uart_0 --dir=C:/Users/WUANG_~1/AppData/Local/Temp/alt0610_6510490148751816458.dir/0003_jtag_uart_0_gen/ --quartus_dir=D:/quatur_edu/quartus --verilog --config=C:/Users/WUANG_~1/AppData/Local/Temp/alt0610_6510490148751816458.dir/0003_jtag_uart_0_gen//system_jtag_uart_0_component_configuration.pl  --do_build_sim=0  ]
Info: jtag_uart_0: Done RTL generation for module 'system_jtag_uart_0'
Info: jtag_uart_0: "system" instantiated altera_avalon_jtag_uart "jtag_uart_0"
Info: custom_logic_0: "system" instantiated custom_logic "custom_logic_0"
Info: altpll_0: "system" instantiated altpll "altpll_0"
Info: pio_0: Starting RTL generation for module 'system_pio_0'
Info: pio_0:   Generation command is [exec D:/quatur_edu/quartus/bin/perl/bin/perl.exe -I D:/quatur_edu/quartus/common/ip/altera/common/perl/5.8.3 -I D:/quatur_edu/quartus/sopc_builder/bin/europa -I D:/quatur_edu/quartus/sopc_builder/bin/perl_lib -I D:/quatur_edu/quartus/sopc_builder/bin -I D:/quatur_edu/quartus/../ip/altera/sopc_builder_ip/common -I D:/quatur_edu/quartus/../ip/altera/sopc_builder_ip/altera_avalon_pio -- D:/quatur_edu/quartus/../ip/altera/sopc_builder_ip/altera_avalon_pio/generate_rtl.pl --name=system_pio_0 --dir=C:/Users/WUANG_~1/AppData/Local/Temp/alt0610_6510490148751816458.dir/0007_pio_0_gen/ --quartus_dir=D:/quatur_edu/quartus --verilog --config=C:/Users/WUANG_~1/AppData/Local/Temp/alt0610_6510490148751816458.dir/0007_pio_0_gen//system_pio_0_component_configuration.pl  --do_build_sim=0  ]
Info: pio_0: Done RTL generation for module 'system_pio_0'
Info: pio_0: "system" instantiated altera_avalon_pio "pio_0"
Info: nios2_qsys_0_instruction_master_translator: "system" instantiated altera_merlin_master_translator "nios2_qsys_0_instruction_master_translator"
Info: nios2_qsys_0_jtag_debug_module_translator: "system" instantiated altera_merlin_slave_translator "nios2_qsys_0_jtag_debug_module_translator"
Info: nios2_qsys_0_instruction_master_translator_avalon_universal_master_0_agent: "system" instantiated altera_merlin_master_agent "nios2_qsys_0_instruction_master_translator_avalon_universal_master_0_agent"
Info: nios2_qsys_0_jtag_debug_module_translator_avalon_universal_slave_0_agent: "system" instantiated altera_merlin_slave_agent "nios2_qsys_0_jtag_debug_module_translator_avalon_universal_slave_0_agent"
Info: nios2_qsys_0_jtag_debug_module_translator_avalon_universal_slave_0_agent_rsp_fifo: "system" instantiated altera_avalon_sc_fifo "nios2_qsys_0_jtag_debug_module_translator_avalon_universal_slave_0_agent_rsp_fifo"
Info: addr_router: "system" instantiated altera_merlin_router "addr_router"
Info: addr_router_001: "system" instantiated altera_merlin_router "addr_router_001"
Info: id_router: "system" instantiated altera_merlin_router "id_router"
Info: id_router_003: "system" instantiated altera_merlin_router "id_router_003"
Info: rst_controller: "system" instantiated altera_reset_controller "rst_controller"
Info: cmd_xbar_demux: "system" instantiated altera_merlin_demultiplexer "cmd_xbar_demux"
Info: cmd_xbar_demux_001: "system" instantiated altera_merlin_demultiplexer "cmd_xbar_demux_001"
Info: cmd_xbar_mux: "system" instantiated altera_merlin_multiplexer "cmd_xbar_mux"
Info: rsp_xbar_demux: "system" instantiated altera_merlin_demultiplexer "rsp_xbar_demux"
Info: rsp_xbar_demux_003: "system" instantiated altera_merlin_demultiplexer "rsp_xbar_demux_003"
Info: rsp_xbar_mux: "system" instantiated altera_merlin_multiplexer "rsp_xbar_mux"
Info: Reusing file D:/COURSE/SOC/project/doan_soc_nios_fixed/system/synthesis/submodules/altera_merlin_arbitrator.sv
Info: rsp_xbar_mux_001: "system" instantiated altera_merlin_multiplexer "rsp_xbar_mux_001"
Info: Reusing file D:/COURSE/SOC/project/doan_soc_nios_fixed/system/synthesis/submodules/altera_merlin_arbitrator.sv
Info: crosser: "system" instantiated altera_avalon_st_handshake_clock_crosser "crosser"
Info: irq_mapper: "system" instantiated altera_irq_mapper "irq_mapper"
Info: system: Done system" with 26 modules, 83 files, 1658215 bytes
Info: ip-generate succeeded.
Info: Finished: Create HDL design files for synthesis
