
**** Build of configuration Nios II for project edge ****

make all 
      1 [main] sh 7440 find_fast_cwd: WARNING: Couldn't compute FAST_CWD pointer.  Please report this problem to
the public mailing list cygwin@cygwin.com
makefile:242: ../doan_soc_bsp//public.mk: No such file or directory
makefile:448: ../doan_soc_bsp//mem_init.mk: No such file or directory
      1 [main] sh 15780 find_fast_cwd: WARNING: Couldn't compute FAST_CWD pointer.  Please report this problem to
the public mailing list cygwin@cygwin.com
make: *** No rule to make target `../doan_soc_bsp//mem_init.mk'.  Stop.

**** Build Finished ****

**** Build of configuration Nios II for project edge ****

make all 
      1 [main] sh 16136 find_fast_cwd: WARNING: Couldn't compute FAST_CWD pointer.  Please report this problem to
the public mailing list cygwin@cygwin.com
makefile:243: ../doan_soc_bsp//public.mk: No such file or directory
makefile:449: ../doan_soc_bsp//mem_init.mk: No such file or directory
      1 [main] sh 9516 find_fast_cwd: WARNING: Couldn't compute FAST_CWD pointer.  Please report this problem to
the public mailing list cygwin@cygwin.com
makefile:761: warning: overriding commands for target `obj/default/.metadata/.plugins/org.eclipse.cdt.make.core/specs.o'
makefile:758: warning: ignoring old commands for target `obj/default/.metadata/.plugins/org.eclipse.cdt.make.core/specs.o'
make: *** No rule to make target `../doan_soc_bsp//mem_init.mk'.  Stop.

**** Build Finished ****

**** Build of configuration Nios II for project edge ****

make all 
      1 [main] sh 21344 find_fast_cwd: WARNING: Couldn't compute FAST_CWD pointer.  Please report this problem to
the public mailing list cygwin@cygwin.com
makefile:243: ../doan_soc_bsp//public.mk: No such file or directory
makefile:449: ../doan_soc_bsp//mem_init.mk: No such file or directory
      1 [main] sh 22276 find_fast_cwd: WARNING: Couldn't compute FAST_CWD pointer.  Please report this problem to
the public mailing list cygwin@cygwin.com
makefile:761: warning: overriding commands for target `obj/default/.metadata/.plugins/org.eclipse.cdt.make.core/specs.o'
makefile:758: warning: ignoring old commands for target `obj/default/.metadata/.plugins/org.eclipse.cdt.make.core/specs.o'
make: *** No rule to make target `../doan_soc_bsp//mem_init.mk'.  Stop.

**** Build Finished ****

**** Build of configuration Nios II for project edge ****

make all 
      1 [main] sh 21348 find_fast_cwd: WARNING: Couldn't compute FAST_CWD pointer.  Please report this problem to
the public mailing list cygwin@cygwin.com
makefile:243: ../doan_soc_bsp//public.mk: No such file or directory
makefile:449: ../doan_soc_bsp//mem_init.mk: No such file or directory
      1 [main] sh 21736 find_fast_cwd: WARNING: Couldn't compute FAST_CWD pointer.  Please report this problem to
the public mailing list cygwin@cygwin.com
makefile:761: warning: overriding commands for target `obj/default/.metadata/.plugins/org.eclipse.cdt.make.core/specs.o'
makefile:758: warning: ignoring old commands for target `obj/default/.metadata/.plugins/org.eclipse.cdt.make.core/specs.o'
make: *** No rule to make target `../doan_soc_bsp//mem_init.mk'.  Stop.

**** Build Finished ****

**** Build of configuration Nios II for project edge_bsp ****

make all 
      1 [main] pwd 16980 find_fast_cwd: WARNING: Couldn't compute FAST_CWD pointer.  Please report this problem to
the public mailing list cygwin@cygwin.com
      1 [main] sh 22076 find_fast_cwd: WARNING: Couldn't compute FAST_CWD pointer.  Please report this problem to
the public mailing list cygwin@cygwin.com
makefile:528: Warning: SOPC File D:/Khai/doan_soc/system.sopcinfo could not be found.
      1 [main] sh 22236 find_fast_cwd: WARNING: Couldn't compute FAST_CWD pointer.  Please report this problem to
the public mailing list cygwin@cygwin.com
[BSP build complete]

**** Build Finished ****

**** Build of configuration Nios II for project edge ****

make all 
      1 [main] sh 12120 find_fast_cwd: WARNING: Couldn't compute FAST_CWD pointer.  Please report this problem to
the public mailing list cygwin@cygwin.com
makefile:243: ../doan_soc_bsp//public.mk: No such file or directory
makefile:449: ../doan_soc_bsp//mem_init.mk: No such file or directory
      1 [main] sh 12328 find_fast_cwd: WARNING: Couldn't compute FAST_CWD pointer.  Please report this problem to
the public mailing list cygwin@cygwin.com
makefile:761: warning: overriding commands for target `obj/default/.metadata/.plugins/org.eclipse.cdt.make.core/specs.o'
makefile:758: warning: ignoring old commands for target `obj/default/.metadata/.plugins/org.eclipse.cdt.make.core/specs.o'
make: *** No rule to make target `../doan_soc_bsp//mem_init.mk'.  Stop.

**** Build Finished ****

**** Build of configuration Nios II for project edge_bsp ****

make all 
      1 [main] pwd 19192 find_fast_cwd: WARNING: Couldn't compute FAST_CWD pointer.  Please report this problem to
the public mailing list cygwin@cygwin.com
      1 [main] sh 15908 find_fast_cwd: WARNING: Couldn't compute FAST_CWD pointer.  Please report this problem to
the public mailing list cygwin@cygwin.com
makefile:528: Warning: SOPC File D:/Khai/doan_soc/system.sopcinfo could not be found.
      1 [main] sh 16232 find_fast_cwd: WARNING: Couldn't compute FAST_CWD pointer.  Please report this problem to
the public mailing list cygwin@cygwin.com
[BSP build complete]

**** Build Finished ****

**** Build of configuration Nios II for project edge ****

make all 
      1 [main] sh 17272 find_fast_cwd: WARNING: Couldn't compute FAST_CWD pointer.  Please report this problem to
the public mailing list cygwin@cygwin.com
makefile:243: ../doan_soc_bsp//public.mk: No such file or directory
makefile:449: ../doan_soc_bsp//mem_init.mk: No such file or directory
      1 [main] sh 14804 find_fast_cwd: WARNING: Couldn't compute FAST_CWD pointer.  Please report this problem to
the public mailing list cygwin@cygwin.com
makefile:761: warning: overriding commands for target `obj/default/.metadata/.plugins/org.eclipse.cdt.make.core/specs.o'
makefile:758: warning: ignoring old commands for target `obj/default/.metadata/.plugins/org.eclipse.cdt.make.core/specs.o'
make: *** No rule to make target `../doan_soc_bsp//mem_init.mk'.  Stop.

**** Build Finished ****

**** Build of configuration Nios II for project edge ****

make all 
      1 [main] sh 21744 find_fast_cwd: WARNING: Couldn't compute FAST_CWD pointer.  Please report this problem to
the public mailing list cygwin@cygwin.com
makefile:243: ../doan_soc_bsp//public.mk: No such file or directory
makefile:449: ../doan_soc_bsp//mem_init.mk: No such file or directory
      1 [main] sh 4888 find_fast_cwd: WARNING: Couldn't compute FAST_CWD pointer.  Please report this problem to
the public mailing list cygwin@cygwin.com
makefile:761: warning: overriding commands for target `obj/default/.metadata/.plugins/org.eclipse.cdt.make.core/specs.o'
makefile:758: warning: ignoring old commands for target `obj/default/.metadata/.plugins/org.eclipse.cdt.make.core/specs.o'
make: *** No rule to make target `../doan_soc_bsp//mem_init.mk'.  Stop.

**** Build Finished ****

**** Build of configuration Nios II for project edge ****

make all 
      1 [main] sh 19364 find_fast_cwd: WARNING: Couldn't compute FAST_CWD pointer.  Please report this problem to
the public mailing list cygwin@cygwin.com
makefile:243: ../doan_soc_bsp//public.mk: No such file or directory
makefile:449: ../doan_soc_bsp//mem_init.mk: No such file or directory
      1 [main] sh 21696 find_fast_cwd: WARNING: Couldn't compute FAST_CWD pointer.  Please report this problem to
the public mailing list cygwin@cygwin.com
makefile:761: warning: overriding commands for target `obj/default/.metadata/.plugins/org.eclipse.cdt.make.core/specs.o'
makefile:758: warning: ignoring old commands for target `obj/default/.metadata/.plugins/org.eclipse.cdt.make.core/specs.o'
make: *** No rule to make target `../doan_soc_bsp//mem_init.mk'.  Stop.

**** Build Finished ****

**** Build of configuration Nios II for project edge_bsp ****

make all 
      1 [main] pwd 21912 find_fast_cwd: WARNING: Couldn't compute FAST_CWD pointer.  Please report this problem to
the public mailing list cygwin@cygwin.com
      1 [main] sh 21724 find_fast_cwd: WARNING: Couldn't compute FAST_CWD pointer.  Please report this problem to
the public mailing list cygwin@cygwin.com
makefile:528: Warning: SOPC File D:/Khai/doan_soc/system.sopcinfo could not be found.
      1 [main] sh 20044 find_fast_cwd: WARNING: Couldn't compute FAST_CWD pointer.  Please report this problem to
the public mailing list cygwin@cygwin.com
[BSP build complete]

**** Build Finished ****

**** Build of configuration Nios II for project edge ****

make all 
      1 [main] sh 16836 find_fast_cwd: WARNING: Couldn't compute FAST_CWD pointer.  Please report this problem to
the public mailing list cygwin@cygwin.com
makefile:243: ../doan_soc_bsp//public.mk: No such file or directory
makefile:449: ../doan_soc_bsp//mem_init.mk: No such file or directory
      1 [main] sh 18572 find_fast_cwd: WARNING: Couldn't compute FAST_CWD pointer.  Please report this problem to
the public mailing list cygwin@cygwin.com
makefile:761: warning: overriding commands for target `obj/default/.metadata/.plugins/org.eclipse.cdt.make.core/specs.o'
makefile:758: warning: ignoring old commands for target `obj/default/.metadata/.plugins/org.eclipse.cdt.make.core/specs.o'
make: *** No rule to make target `../doan_soc_bsp//mem_init.mk'.  Stop.

**** Build Finished ****

**** Build of configuration Nios II for project edge_bsp ****

make all 
      1 [main] pwd 18220 find_fast_cwd: WARNING: Couldn't compute FAST_CWD pointer.  Please report this problem to
the public mailing list cygwin@cygwin.com
      1 [main] sh 21216 find_fast_cwd: WARNING: Couldn't compute FAST_CWD pointer.  Please report this problem to
the public mailing list cygwin@cygwin.com
makefile:528: Warning: SOPC File D:/Khai/doan_soc/system.sopcinfo could not be found.
      1 [main] sh 22364 find_fast_cwd: WARNING: Couldn't compute FAST_CWD pointer.  Please report this problem to
the public mailing list cygwin@cygwin.com
[BSP build complete]

**** Build Finished ****

**** Build of configuration Nios II for project edge ****

make all 
      1 [main] sh 3016 find_fast_cwd: WARNING: Couldn't compute FAST_CWD pointer.  Please report this problem to
the public mailing list cygwin@cygwin.com
makefile:243: ../doan_soc_bsp//public.mk: No such file or directory
makefile:449: ../doan_soc_bsp//mem_init.mk: No such file or directory
      1 [main] sh 10676 find_fast_cwd: WARNING: Couldn't compute FAST_CWD pointer.  Please report this problem to
the public mailing list cygwin@cygwin.com
makefile:761: warning: overriding commands for target `obj/default/.metadata/.plugins/org.eclipse.cdt.make.core/specs.o'
makefile:758: warning: ignoring old commands for target `obj/default/.metadata/.plugins/org.eclipse.cdt.make.core/specs.o'
make: *** No rule to make target `../doan_soc_bsp//mem_init.mk'.  Stop.

**** Build Finished ****

**** Build of configuration Nios II for project edge ****

make all 
      1 [main] sh 22024 find_fast_cwd: WARNING: Couldn't compute FAST_CWD pointer.  Please report this problem to
the public mailing list cygwin@cygwin.com
makefile:243: ../doan_soc_bsp//public.mk: No such file or directory
makefile:449: ../doan_soc_bsp//mem_init.mk: No such file or directory
      1 [main] sh 3108 find_fast_cwd: WARNING: Couldn't compute FAST_CWD pointer.  Please report this problem to
the public mailing list cygwin@cygwin.com
makefile:761: warning: overriding commands for target `obj/default/.metadata/.plugins/org.eclipse.cdt.make.core/specs.o'
makefile:758: warning: ignoring old commands for target `obj/default/.metadata/.plugins/org.eclipse.cdt.make.core/specs.o'
make: *** No rule to make target `../doan_soc_bsp//mem_init.mk'.  Stop.

**** Build Finished ****

**** Build of configuration Nios II for project edge ****

make all 
      1 [main] sh 7432 find_fast_cwd: WARNING: Couldn't compute FAST_CWD pointer.  Please report this problem to
the public mailing list cygwin@cygwin.com
makefile:243: ../doan_soc_bsp//public.mk: No such file or directory
makefile:449: ../doan_soc_bsp//mem_init.mk: No such file or directory
      1 [main] sh 20084 find_fast_cwd: WARNING: Couldn't compute FAST_CWD pointer.  Please report this problem to
the public mailing list cygwin@cygwin.com
makefile:761: warning: overriding commands for target `obj/default/.metadata/.plugins/org.eclipse.cdt.make.core/specs.o'
makefile:758: warning: ignoring old commands for target `obj/default/.metadata/.plugins/org.eclipse.cdt.make.core/specs.o'
make: *** No rule to make target `../doan_soc_bsp//mem_init.mk'.  Stop.

**** Build Finished ****

**** Build of configuration Nios II for project edge ****

make all 
      1 [main] sh 21276 find_fast_cwd: WARNING: Couldn't compute FAST_CWD pointer.  Please report this problem to
the public mailing list cygwin@cygwin.com
makefile:243: ../doan_soc_bsp//public.mk: No such file or directory
makefile:449: ../doan_soc_bsp//mem_init.mk: No such file or directory
      1 [main] sh 20948 find_fast_cwd: WARNING: Couldn't compute FAST_CWD pointer.  Please report this problem to
the public mailing list cygwin@cygwin.com
makefile:761: warning: overriding commands for target `obj/default/.metadata/.plugins/org.eclipse.cdt.make.core/specs.o'
makefile:758: warning: ignoring old commands for target `obj/default/.metadata/.plugins/org.eclipse.cdt.make.core/specs.o'
make: *** No rule to make target `../doan_soc_bsp//mem_init.mk'.  Stop.

**** Build Finished ****
