Flow report for doan_soc
Fri May 29 15:07:10 2026
Quartus II 64-Bit Version 13.0.1 Build 232 06/12/2013 Service Pack 1 SJ Web Edition


---------------------
; Table of Contents ;
---------------------
  1. Legal Notice
  2. Flow Summary
  3. Flow Settings
  4. Flow Non-Default Global Settings
  5. Flow Elapsed Time
  6. Flow OS Summary
  7. Flow Log
  8. Flow Messages
  9. Flow Suppressed Messages



----------------
; Legal Notice ;
----------------
Copyright (C) 1991-2013 Altera Corporation
Your use of Altera Corporation's design tools, logic functions 
and other software and tools, and its AMPP partner logic 
functions, and any output files from any of the foregoing 
(including device programming or simulation files), and any 
associated documentation or information are expressly subject 
to the terms and conditions of the Altera Program License 
Subscription Agreement, Altera MegaCore Function License 
Agreement, or other applicable license agreement, including, 
without limitation, that your use is for the sole purpose of 
programming logic devices manufactured by Altera and sold by 
Altera or its authorized distributors.  Please refer to the 
applicable agreement for further details.



+--------------------------------------------------------------------------------------+
; Flow Summary                                                                         ;
+------------------------------------+-------------------------------------------------+
; Flow Status                        ; Successful - Fri May 29 15:07:07 2026           ;
; Quartus II 64-Bit Version          ; 13.0.1 Build 232 06/12/2013 SP 1 SJ Web Edition ;
; Revision Name                      ; doan_soc                                        ;
; Top-level Entity Name              ; doan_soc                                        ;
; Family                             ; Cyclone II                                      ;
; Device                             ; EP2C35F672C6                                    ;
; Timing Models                      ; Final                                           ;
; Total logic elements               ; 9,356 / 33,216 ( 28 % )                         ;
;     Total combinational functions  ; 6,321 / 33,216 ( 19 % )                         ;
;     Dedicated logic registers      ; 7,102 / 33,216 ( 21 % )                         ;
; Total registers                    ; 7102                                            ;
; Total pins                         ; 76 / 475 ( 16 % )                               ;
; Total virtual pins                 ; 0                                               ;
; Total memory bits                  ; 314,368 / 483,840 ( 65 % )                      ;
; Embedded Multiplier 9-bit elements ; 0 / 70 ( 0 % )                                  ;
; Total PLLs                         ; 1 / 4 ( 25 % )                                  ;
+------------------------------------+-------------------------------------------------+


+-----------------------------------------+
; Flow Settings                           ;
+-------------------+---------------------+
; Option            ; Setting             ;
+-------------------+---------------------+
; Start date & time ; 05/29/2026 15:06:17 ;
; Main task         ; Compilation         ;
; Revision Name     ; doan_soc            ;
+-------------------+---------------------+


+------------------------------------------------------------------------------------------------------------------------------------------------------------------------+
; Flow Non-Default Global Settings                                                                                                                                       ;
+-------------------------------------+----------------------------------------------------------+---------------+------------------------------------------+------------+
; Assignment Name                     ; Value                                                    ; Default Value ; Entity Name                              ; Section Id ;
+-------------------------------------+----------------------------------------------------------+---------------+------------------------------------------+------------+
; COMPILER_SIGNATURE_ID               ; 255757335305082.178004197615384                          ; --            ; --                                       ; --         ;
; IP_TOOL_ENV                         ; Qsys                                                     ; --            ; altera_avalon_sc_fifo                    ; --         ;
; IP_TOOL_ENV                         ; Qsys                                                     ; --            ; altera_avalon_st_handshake_clock_crosser ; --         ;
; IP_TOOL_ENV                         ; Qsys                                                     ; --            ; altera_merlin_master_agent               ; --         ;
; IP_TOOL_ENV                         ; Qsys                                                     ; --            ; altera_merlin_master_translator          ; --         ;
; IP_TOOL_ENV                         ; Qsys                                                     ; --            ; altera_merlin_slave_agent                ; --         ;
; IP_TOOL_ENV                         ; Qsys                                                     ; --            ; altera_merlin_slave_translator           ; --         ;
; IP_TOOL_ENV                         ; Qsys                                                     ; --            ; altera_reset_controller                  ; --         ;
; IP_TOOL_ENV                         ; Qsys                                                     ; --            ; system                                   ; --         ;
; IP_TOOL_ENV                         ; Qsys                                                     ; --            ; system_addr_router                       ; --         ;
; IP_TOOL_ENV                         ; Qsys                                                     ; --            ; system_addr_router_001                   ; --         ;
; IP_TOOL_ENV                         ; Qsys                                                     ; --            ; system_altpll_0                          ; --         ;
; IP_TOOL_ENV                         ; Qsys                                                     ; --            ; system_cmd_xbar_demux                    ; --         ;
; IP_TOOL_ENV                         ; Qsys                                                     ; --            ; system_cmd_xbar_demux_001                ; --         ;
; IP_TOOL_ENV                         ; Qsys                                                     ; --            ; system_cmd_xbar_mux                      ; --         ;
; IP_TOOL_ENV                         ; Qsys                                                     ; --            ; system_id_router                         ; --         ;
; IP_TOOL_ENV                         ; Qsys                                                     ; --            ; system_id_router_003                     ; --         ;
; IP_TOOL_ENV                         ; Qsys                                                     ; --            ; system_irq_mapper                        ; --         ;
; IP_TOOL_ENV                         ; Qsys                                                     ; --            ; system_jtag_uart_0                       ; --         ;
; IP_TOOL_ENV                         ; Qsys                                                     ; --            ; system_nios2_qsys_0                      ; --         ;
; IP_TOOL_ENV                         ; Qsys                                                     ; --            ; system_onchip_memory2_0                  ; --         ;
; IP_TOOL_ENV                         ; Qsys                                                     ; --            ; system_rsp_xbar_demux                    ; --         ;
; IP_TOOL_ENV                         ; Qsys                                                     ; --            ; system_rsp_xbar_demux_003                ; --         ;
; IP_TOOL_ENV                         ; Qsys                                                     ; --            ; system_rsp_xbar_mux                      ; --         ;
; IP_TOOL_ENV                         ; Qsys                                                     ; --            ; system_rsp_xbar_mux_001                  ; --         ;
; IP_TOOL_NAME                        ; FIFO                                                     ; --            ; --                                       ; --         ;
; IP_TOOL_NAME                        ; altera_avalon_sc_fifo                                    ; --            ; altera_avalon_sc_fifo                    ; --         ;
; IP_TOOL_NAME                        ; altera_avalon_st_handshake_clock_crosser                 ; --            ; altera_avalon_st_handshake_clock_crosser ; --         ;
; IP_TOOL_NAME                        ; altera_merlin_master_agent                               ; --            ; altera_merlin_master_agent               ; --         ;
; IP_TOOL_NAME                        ; altera_merlin_master_translator                          ; --            ; altera_merlin_master_translator          ; --         ;
; IP_TOOL_NAME                        ; altera_merlin_slave_agent                                ; --            ; altera_merlin_slave_agent                ; --         ;
; IP_TOOL_NAME                        ; altera_merlin_slave_translator                           ; --            ; altera_merlin_slave_translator           ; --         ;
; IP_TOOL_NAME                        ; altera_reset_controller                                  ; --            ; altera_reset_controller                  ; --         ;
; IP_TOOL_NAME                        ; Qsys                                                     ; --            ; system                                   ; --         ;
; IP_TOOL_NAME                        ; altera_merlin_router                                     ; --            ; system_addr_router                       ; --         ;
; IP_TOOL_NAME                        ; altera_merlin_router                                     ; --            ; system_addr_router_001                   ; --         ;
; IP_TOOL_NAME                        ; altpll                                                   ; --            ; system_altpll_0                          ; --         ;
; IP_TOOL_NAME                        ; altera_merlin_demultiplexer                              ; --            ; system_cmd_xbar_demux                    ; --         ;
; IP_TOOL_NAME                        ; altera_merlin_demultiplexer                              ; --            ; system_cmd_xbar_demux_001                ; --         ;
; IP_TOOL_NAME                        ; altera_merlin_multiplexer                                ; --            ; system_cmd_xbar_mux                      ; --         ;
; IP_TOOL_NAME                        ; altera_merlin_router                                     ; --            ; system_id_router                         ; --         ;
; IP_TOOL_NAME                        ; altera_merlin_router                                     ; --            ; system_id_router_003                     ; --         ;
; IP_TOOL_NAME                        ; altera_irq_mapper                                        ; --            ; system_irq_mapper                        ; --         ;
; IP_TOOL_NAME                        ; altera_avalon_jtag_uart                                  ; --            ; system_jtag_uart_0                       ; --         ;
; IP_TOOL_NAME                        ; altera_nios2_qsys                                        ; --            ; system_nios2_qsys_0                      ; --         ;
; IP_TOOL_NAME                        ; altera_avalon_onchip_memory2                             ; --            ; system_onchip_memory2_0                  ; --         ;
; IP_TOOL_NAME                        ; altera_merlin_demultiplexer                              ; --            ; system_rsp_xbar_demux                    ; --         ;
; IP_TOOL_NAME                        ; altera_merlin_demultiplexer                              ; --            ; system_rsp_xbar_demux_003                ; --         ;
; IP_TOOL_NAME                        ; altera_merlin_multiplexer                                ; --            ; system_rsp_xbar_mux                      ; --         ;
; IP_TOOL_NAME                        ; altera_merlin_multiplexer                                ; --            ; system_rsp_xbar_mux_001                  ; --         ;
; IP_TOOL_VERSION                     ; 13.0                                                     ; --            ; --                                       ; --         ;
; IP_TOOL_VERSION                     ; 13.0                                                     ; --            ; altera_avalon_sc_fifo                    ; --         ;
; IP_TOOL_VERSION                     ; 13.0                                                     ; --            ; altera_avalon_st_handshake_clock_crosser ; --         ;
; IP_TOOL_VERSION                     ; 13.0                                                     ; --            ; altera_merlin_master_agent               ; --         ;
; IP_TOOL_VERSION                     ; 13.0                                                     ; --            ; altera_merlin_master_translator          ; --         ;
; IP_TOOL_VERSION                     ; 13.0                                                     ; --            ; altera_merlin_slave_agent                ; --         ;
; IP_TOOL_VERSION                     ; 13.0                                                     ; --            ; altera_merlin_slave_translator           ; --         ;
; IP_TOOL_VERSION                     ; 13.0                                                     ; --            ; altera_reset_controller                  ; --         ;
; IP_TOOL_VERSION                     ; 13.0sp1                                                  ; --            ; system                                   ; --         ;
; IP_TOOL_VERSION                     ; 13.0                                                     ; --            ; system_addr_router                       ; --         ;
; IP_TOOL_VERSION                     ; 13.0                                                     ; --            ; system_addr_router_001                   ; --         ;
; IP_TOOL_VERSION                     ; 13.0                                                     ; --            ; system_altpll_0                          ; --         ;
; IP_TOOL_VERSION                     ; 13.0                                                     ; --            ; system_cmd_xbar_demux                    ; --         ;
; IP_TOOL_VERSION                     ; 13.0                                                     ; --            ; system_cmd_xbar_demux_001                ; --         ;
; IP_TOOL_VERSION                     ; 13.0                                                     ; --            ; system_cmd_xbar_mux                      ; --         ;
; IP_TOOL_VERSION                     ; 13.0                                                     ; --            ; system_id_router                         ; --         ;
; IP_TOOL_VERSION                     ; 13.0                                                     ; --            ; system_id_router_003                     ; --         ;
; IP_TOOL_VERSION                     ; 13.0                                                     ; --            ; system_irq_mapper                        ; --         ;
; IP_TOOL_VERSION                     ; 13.0.1.99.2                                              ; --            ; system_jtag_uart_0                       ; --         ;
; IP_TOOL_VERSION                     ; 13.0                                                     ; --            ; system_nios2_qsys_0                      ; --         ;
; IP_TOOL_VERSION                     ; 13.0.1.99.2                                              ; --            ; system_onchip_memory2_0                  ; --         ;
; IP_TOOL_VERSION                     ; 13.0                                                     ; --            ; system_rsp_xbar_demux                    ; --         ;
; IP_TOOL_VERSION                     ; 13.0                                                     ; --            ; system_rsp_xbar_demux_003                ; --         ;
; IP_TOOL_VERSION                     ; 13.0                                                     ; --            ; system_rsp_xbar_mux                      ; --         ;
; IP_TOOL_VERSION                     ; 13.0                                                     ; --            ; system_rsp_xbar_mux_001                  ; --         ;
; MAX_CORE_JUNCTION_TEMP              ; 85                                                       ; --            ; --                                       ; --         ;
; MIN_CORE_JUNCTION_TEMP              ; 0                                                        ; --            ; --                                       ; --         ;
; MISC_FILE                           ; system/synthesis/../../system.cmp                        ; --            ; --                                       ; --         ;
; MISC_FILE                           ; system/synthesis/../../system.qsys                       ; --            ; --                                       ; --         ;
; MISC_FILE                           ; sobel_fifo_bb.v                                          ; --            ; --                                       ; --         ;
; PARTITION_COLOR                     ; 16764057                                                 ; --            ; --                                       ; Top        ;
; PARTITION_FITTER_PRESERVATION_LEVEL ; PLACEMENT_AND_ROUTING                                    ; --            ; --                                       ; Top        ;
; PARTITION_NETLIST_TYPE              ; SOURCE                                                   ; --            ; --                                       ; Top        ;
; PROJECT_OUTPUT_DIRECTORY            ; output_files                                             ; --            ; --                                       ; --         ;
; SLD_INFO                            ; QSYS_NAME system HAS_SOPCINFO 1 GENERATION_ID 1779951837 ; --            ; system                                   ; --         ;
; SOPCINFO_FILE                       ; system/synthesis/../../system.sopcinfo                   ; --            ; --                                       ; --         ;
; SYNTHESIS_ONLY_QIP                  ; On                                                       ; --            ; --                                       ; --         ;
+-------------------------------------+----------------------------------------------------------+---------------+------------------------------------------+------------+


+-------------------------------------------------------------------------------------------------------------------------------+
; Flow Elapsed Time                                                                                                             ;
+---------------------------+--------------+-------------------------+---------------------+------------------------------------+
; Module Name               ; Elapsed Time ; Average Processors Used ; Peak Virtual Memory ; Total CPU Time (on all processors) ;
+---------------------------+--------------+-------------------------+---------------------+------------------------------------+
; Analysis & Synthesis      ; 00:00:26     ; 1.0                     ; 4775 MB             ; 00:00:22                           ;
; Fitter                    ; 00:00:19     ; 1.7                     ; 5484 MB             ; 00:00:30                           ;
; Assembler                 ; 00:00:01     ; 1.0                     ; 4630 MB             ; 00:00:02                           ;
; TimeQuest Timing Analyzer ; 00:00:02     ; 1.0                     ; 4725 MB             ; 00:00:02                           ;
; Total                     ; 00:00:48     ; --                      ; --                  ; 00:00:56                           ;
+---------------------------+--------------+-------------------------+---------------------+------------------------------------+


+----------------------------------------------------------------------------------------+
; Flow OS Summary                                                                        ;
+---------------------------+------------------+-----------+------------+----------------+
; Module Name               ; Machine Hostname ; OS Name   ; OS Version ; Processor type ;
+---------------------------+------------------+-----------+------------+----------------+
; Analysis & Synthesis      ; DESKTOP-30NMLHM  ; Windows 7 ; 6.2        ; x86_64         ;
; Fitter                    ; DESKTOP-30NMLHM  ; Windows 7 ; 6.2        ; x86_64         ;
; Assembler                 ; DESKTOP-30NMLHM  ; Windows 7 ; 6.2        ; x86_64         ;
; TimeQuest Timing Analyzer ; DESKTOP-30NMLHM  ; Windows 7 ; 6.2        ; x86_64         ;
+---------------------------+------------------+-----------+------------+----------------+


------------
; Flow Log ;
------------
quartus_map --read_settings_files=on --write_settings_files=off doan_soc -c doan_soc
quartus_fit --read_settings_files=off --write_settings_files=off doan_soc -c doan_soc
quartus_asm --read_settings_files=off --write_settings_files=off doan_soc -c doan_soc
quartus_sta doan_soc -c doan_soc



